<?xml version="1.0" encoding="UTF-8"?>
<!-- Generated by org.testng.reporters.JUnitXMLReporter -->
<testsuite ignored="0" hostname="LAPTOP-8PQKFV8G" failures="0" tests="6" name="Test" time="0.057" errors="0" timestamp="2021-12-09T16:08:37 CST">
  <testcase classname="qaclickacademy.AppiumTest2" name="IOSApp2" time="0.005"/>
  <testcase classname="qaclickacademy.AppiumTest2" name="NativeApp2" time="0.001"/>
  <testcase classname="qaclickacademy.SeleniumTest2" name="SeleniumApp2" time="0.0"/>
  <testcase classname="qaclickacademy.SeleniumTest2" name="SeleniumIOSApp2" time="0.0"/>
  <testcase classname="qaclickacademy.RestAPITest2" name="APIApp2" time="0.0"/>
  <testcase classname="qaclickacademy.RestAPITest2" name="APIIOSApp2" time="0.0"/>
</testsuite> <!-- Test -->
