<?xml version="1.0" encoding="UTF-8"?>
<testng-results ignored="0" total="6" passed="6" failed="0" skipped="0">
  <reporter-output>
  </reporter-output>
  <suite started-at="2021-12-09T16:08:37 CST" name="Suite" finished-at="2021-12-09T16:08:37 CST" duration-ms="57">
    <groups>
    </groups>
    <test started-at="2021-12-09T16:08:37 CST" name="Test" finished-at="2021-12-09T16:08:37 CST" duration-ms="57">
      <class name="qaclickacademy.RestAPITest2">
        <test-method signature="APIApp2()[pri:0, instance:qaclickacademy.RestAPITest2@2e55dd0c]" started-at="2021-12-09T16:08:37 CST" name="APIApp2" finished-at="2021-12-09T16:08:37 CST" duration-ms="0" status="PASS">
          <reporter-output>
          </reporter-output>
        </test-method> <!-- APIApp2 -->
        <test-method signature="APIIOSApp2()[pri:0, instance:qaclickacademy.RestAPITest2@2e55dd0c]" started-at="2021-12-09T16:08:37 CST" name="APIIOSApp2" finished-at="2021-12-09T16:08:37 CST" duration-ms="0" status="PASS">
          <reporter-output>
          </reporter-output>
        </test-method> <!-- APIIOSApp2 -->
      </class> <!-- qaclickacademy.RestAPITest2 -->
      <class name="qaclickacademy.SeleniumTest2">
        <test-method signature="SeleniumApp2()[pri:0, instance:qaclickacademy.SeleniumTest2@2cd2a21f]" started-at="2021-12-09T16:08:37 CST" name="SeleniumApp2" finished-at="2021-12-09T16:08:37 CST" duration-ms="0" status="PASS">
          <reporter-output>
          </reporter-output>
        </test-method> <!-- SeleniumApp2 -->
        <test-method signature="SeleniumIOSApp2()[pri:0, instance:qaclickacademy.SeleniumTest2@2cd2a21f]" started-at="2021-12-09T16:08:37 CST" name="SeleniumIOSApp2" finished-at="2021-12-09T16:08:37 CST" duration-ms="0" status="PASS">
          <reporter-output>
          </reporter-output>
        </test-method> <!-- SeleniumIOSApp2 -->
      </class> <!-- qaclickacademy.SeleniumTest2 -->
      <class name="qaclickacademy.AppiumTest2">
        <test-method signature="IOSApp2()[pri:0, instance:qaclickacademy.AppiumTest2@6a370f4]" started-at="2021-12-09T16:08:37 CST" name="IOSApp2" finished-at="2021-12-09T16:08:37 CST" duration-ms="5" status="PASS">
          <reporter-output>
          </reporter-output>
        </test-method> <!-- IOSApp2 -->
        <test-method signature="NativeApp2()[pri:0, instance:qaclickacademy.AppiumTest2@6a370f4]" started-at="2021-12-09T16:08:37 CST" name="NativeApp2" finished-at="2021-12-09T16:08:37 CST" duration-ms="1" status="PASS">
          <reporter-output>
          </reporter-output>
        </test-method> <!-- NativeApp2 -->
      </class> <!-- qaclickacademy.AppiumTest2 -->
    </test> <!-- Test -->
  </suite> <!-- Suite -->
</testng-results>
