<?xml version="1.0" encoding="UTF-8"?>
<testng-results ignored="0" total="2" passed="2" failed="0" skipped="0">
  <reporter-output>
  </reporter-output>
  <suite started-at="2021-12-08T16:39:18 CST" name="Default suite" finished-at="2021-12-08T16:39:18 CST" duration-ms="79">
    <groups>
    </groups>
    <test started-at="2021-12-08T16:39:18 CST" name="Default test" finished-at="2021-12-08T16:39:18 CST" duration-ms="79">
      <class name="qaclickacademy.RestAPITest">
        <test-method signature="APIApp()[pri:0, instance:qaclickacademy.RestAPITest@72057ecf]" started-at="2021-12-08T16:39:18 CST" name="APIApp" finished-at="2021-12-08T16:39:18 CST" duration-ms="11" status="PASS">
          <reporter-output>
          </reporter-output>
        </test-method> <!-- APIApp -->
        <test-method signature="APIIOSApp()[pri:0, instance:qaclickacademy.RestAPITest@72057ecf]" started-at="2021-12-08T16:39:18 CST" name="APIIOSApp" finished-at="2021-12-08T16:39:18 CST" duration-ms="4" status="PASS">
          <reporter-output>
          </reporter-output>
        </test-method> <!-- APIIOSApp -->
      </class> <!-- qaclickacademy.RestAPITest -->
    </test> <!-- Default test -->
  </suite> <!-- Default suite -->
</testng-results>
